Using pre-set license
Built from '2020.3/staging' branch; Version is '2020.3.16f1 (049d6eca3c44) revision 302446'; Using compiler version '192528614'; Build Type 'Release'
OS: 'Windows 10 Home; OS build 19042.1466; Version 2009; 64bit' Language: 'en' Physical Memory: 16191 MB
BatchMode: 1, IsHumanControllingUs: 0, StartBugReporterOnCrash: 0, Is64bit: 1, IsPro: 0

 COMMAND LINE ARGUMENTS:
C:\Program Files\Unity\Hub\Editor\2020.3.16f1\Editor\Unity.exe
-adb2
-batchMode
-noUpm
-name
AssetImportWorker0
-projectPath
C:/Users/drbat/OneDrive/Desktop/School Stuff/Games Production Class/Mario1-1
-logFile
Logs/AssetImportWorker0.log
-srvPort
58602
Successfully changed project path to: C:/Users/drbat/OneDrive/Desktop/School Stuff/Games Production Class/Mario1-1
C:/Users/drbat/OneDrive/Desktop/School Stuff/Games Production Class/Mario1-1
Using Asset Import Pipeline V2.
Refreshing native plugins compatible for Editor in 176.46 ms, found 3 plugins.
Preloading 0 native plugins for Editor in 0.00 ms.
Initialize engine version: 2020.3.16f1 (049d6eca3c44)
[Subsystems] Discovering subsystems at path C:/Program Files/Unity/Hub/Editor/2020.3.16f1/Editor/Data/Resources/UnitySubsystems
[Subsystems] Discovering subsystems at path C:/Users/drbat/OneDrive/Desktop/School Stuff/Games Production Class/Mario1-1/Assets
GfxDevice: creating device client; threaded=0
Direct3D:
    Version:  Direct3D 11.0 [level 11.1]
    Renderer: NVIDIA GeForce GTX 1660 Ti with Max-Q Design (ID=0x2191)
    Vendor:   
    VRAM:     5991 MB
    Driver:   27.21.14.5763
Initialize mono
Mono path[0] = 'C:/Program Files/Unity/Hub/Editor/2020.3.16f1/Editor/Data/Managed'
Mono path[1] = 'C:/Program Files/Unity/Hub/Editor/2020.3.16f1/Editor/Data/MonoBleedingEdge/lib/mono/unityjit'
Mono config path = 'C:/Program Files/Unity/Hub/Editor/2020.3.16f1/Editor/Data/MonoBleedingEdge/etc'
Using monoOptions --debugger-agent=transport=dt_socket,embedding=1,server=y,suspend=n,address=127.0.0.1:56716
Begin MonoManager ReloadAssembly
Registering precompiled unity dll's ...
Register platform support module: C:/Program Files/Unity/Hub/Editor/2020.3.16f1/Editor/Data/PlaybackEngines/WebGLSupport/UnityEditor.WebGL.Extensions.dll
Register platform support module: C:/Program Files/Unity/Hub/Editor/2020.3.16f1/Editor/Data/PlaybackEngines/WindowsStandaloneSupport/UnityEditor.WindowsStandalone.Extensions.dll
Registered in 0.009600 seconds.
Native extension for WindowsStandalone target not found
Native extension for WebGL target not found
Refreshing native plugins compatible for Editor in 171.90 ms, found 3 plugins.
Preloading 0 native plugins for Editor in 0.00 ms.
Mono: successfully reloaded assembly
- Completed reload, in  4.927 seconds
Domain Reload Profiling:
	ReloadAssembly (4928ms)
		BeginReloadAssembly (197ms)
			ExecutionOrderSort (0ms)
			DisableScriptedObjects (0ms)
			BackupInstance (0ms)
			ReleaseScriptingObjects (0ms)
			CreateAndSetChildDomain (2ms)
		EndReloadAssembly (1614ms)
			LoadAssemblies (192ms)
			RebuildTransferFunctionScriptingTraits (0ms)
			SetupTypeCache (538ms)
			ReleaseScriptCaches (0ms)
			RebuildScriptCaches (130ms)
			SetupLoadedEditorAssemblies (703ms)
				LogAssemblyErrors (0ms)
				InitializePlatformSupportModulesInManaged (18ms)
				SetLoadedEditorAssemblies (1ms)
				RefreshPlugins (172ms)
				BeforeProcessingInitializeOnLoad (54ms)
				ProcessInitializeOnLoadAttributes (343ms)
				ProcessInitializeOnLoadMethodAttributes (114ms)
				AfterProcessingInitializeOnLoad (0ms)
				EditorAssembliesLoaded (1ms)
			ExecutionOrderSort2 (0ms)
			AwakeInstancesAfterBackupRestoration (0ms)
Platform modules already initialized, skipping
Registering precompiled user dll's ...
Registered in 0.017404 seconds.
Begin MonoManager ReloadAssembly
Native extension for WindowsStandalone target not found
Native extension for WebGL target not found
Refreshing native plugins compatible for Editor in 166.81 ms, found 3 plugins.
Preloading 0 native plugins for Editor in 0.00 ms.
Mono: successfully reloaded assembly
- Completed reload, in  4.370 seconds
Domain Reload Profiling:
	ReloadAssembly (4374ms)
		BeginReloadAssembly (462ms)
			ExecutionOrderSort (0ms)
			DisableScriptedObjects (13ms)
			BackupInstance (0ms)
			ReleaseScriptingObjects (0ms)
			CreateAndSetChildDomain (49ms)
		EndReloadAssembly (3675ms)
			LoadAssemblies (326ms)
			RebuildTransferFunctionScriptingTraits (0ms)
			SetupTypeCache (1027ms)
			ReleaseScriptCaches (1ms)
			RebuildScriptCaches (167ms)
			SetupLoadedEditorAssemblies (1663ms)
				LogAssemblyErrors (0ms)
				InitializePlatformSupportModulesInManaged (22ms)
				SetLoadedEditorAssemblies (1ms)
				RefreshPlugins (167ms)
				BeforeProcessingInitializeOnLoad (306ms)
				ProcessInitializeOnLoadAttributes (1049ms)
				ProcessInitializeOnLoadMethodAttributes (84ms)
				AfterProcessingInitializeOnLoad (34ms)
				EditorAssembliesLoaded (1ms)
			ExecutionOrderSort2 (0ms)
			AwakeInstancesAfterBackupRestoration (28ms)
Platform modules already initialized, skipping
========================================================================
Worker process is ready to serve import requests
Launched and connected shader compiler UnityShaderCompiler.exe after 0.18 seconds
Refreshing native plugins compatible for Editor in 1.06 ms, found 3 plugins.
Preloading 0 native plugins for Editor in 0.00 ms.
Unloading 2091 Unused Serialized files (Serialized files now loaded: 0)
System memory in use before: 93.7 MB.
System memory in use after: 93.8 MB.

Unloading 28 unused Assets to reduce memory usage. Loaded Objects now: 2528.
Total: 8.548900 ms (FindLiveObjects: 0.419300 ms CreateObjectMapping: 0.159500 ms MarkObjects: 7.792400 ms  DeleteObjects: 0.175200 ms)

AssetImportParameters requested are different than current active one (requested -> active):
  custom:framework-win-MediaFoundation: 216162199b28c13a410421893ffa2e32 -> 
  custom:video-decoder-ogg-theora: a1e56fd34408186e4bbccfd4996cb3dc -> 
  custom:container-muxer-webm: aa71ff27fc2769a1b78a27578f13a17b -> 
  custom:container-demuxer-webm: 4f35f7cbe854078d1ac9338744f61a02 -> 
  custom:container-demuxer-ogg: 62fdf1f143b41e24485cea50d1cbac27 -> 
  custom:video-encoder-webm-vp8: eb34c28f22e8b96e1ab97ce403110664 -> 
  custom:video-codec-MediaFoundation-h265: 746d11721c4dcdbdad8f713fa42b33f4 -> 
  custom:video-decoder-webm-vp8: 9c59270c3fd7afecdb556c50c9e8de78 -> 
  custom:audio-decoder-ogg-vorbis: bf7c407c2cedff20999df2af8eb42d56 -> 
  custom:audio-encoder-webm-vorbis: bf7c407c2cedff20999df2af8eb42d56 -> 
========================================================================
Received Import Request.
  path: Assets/Scripts
  artifactKey: Guid(dc2e4d34ad0670141b451210a613d05a) Importer(815301076,1909f56bfc062723c751e8b465ee728b)
Start importing Assets/Scripts using Guid(dc2e4d34ad0670141b451210a613d05a) Importer(815301076,1909f56bfc062723c751e8b465ee728b)  -> (artifact id: '5b95742bf6890b103c399842a1bf9aa5') in 0.031658 seconds 
  Import took 0.046327 seconds .

========================================================================
Received Import Request.
  Time since last request: 11.349860 seconds.
  path: Assets/Scripts/PlayerScript.cs
  artifactKey: Guid(e7a49d4850a475949b8f4deee6c6550d) Importer(815301076,1909f56bfc062723c751e8b465ee728b)
Start importing Assets/Scripts/PlayerScript.cs using Guid(e7a49d4850a475949b8f4deee6c6550d) Importer(815301076,1909f56bfc062723c751e8b465ee728b)  -> (artifact id: '87878a24e7c60fb369449c03f073b433') in 0.073692 seconds 
  Import took 0.089051 seconds .

========================================================================
Received Prepare
Registering precompiled user dll's ...
Registered in 0.017526 seconds.
Begin MonoManager ReloadAssembly
Native extension for WindowsStandalone target not found
Native extension for WebGL target not found
Refreshing native plugins compatible for Editor in 1.26 ms, found 3 plugins.
Preloading 0 native plugins for Editor in 0.00 ms.
Mono: successfully reloaded assembly
- Completed reload, in  4.509 seconds
Domain Reload Profiling:
	ReloadAssembly (4511ms)
		BeginReloadAssembly (444ms)
			ExecutionOrderSort (0ms)
			DisableScriptedObjects (22ms)
			BackupInstance (0ms)
			ReleaseScriptingObjects (0ms)
			CreateAndSetChildDomain (122ms)
		EndReloadAssembly (3822ms)
			LoadAssemblies (392ms)
			RebuildTransferFunctionScriptingTraits (0ms)
			SetupTypeCache (1128ms)
			ReleaseScriptCaches (3ms)
			RebuildScriptCaches (133ms)
			SetupLoadedEditorAssemblies (1867ms)
				LogAssemblyErrors (0ms)
				InitializePlatformSupportModulesInManaged (21ms)
				SetLoadedEditorAssemblies (3ms)
				RefreshPlugins (1ms)
				BeforeProcessingInitializeOnLoad (372ms)
				ProcessInitializeOnLoadAttributes (1377ms)
				ProcessInitializeOnLoadMethodAttributes (38ms)
				AfterProcessingInitializeOnLoad (53ms)
				EditorAssembliesLoaded (1ms)
			ExecutionOrderSort2 (0ms)
			AwakeInstancesAfterBackupRestoration (48ms)
Platform modules already initialized, skipping
Refreshing native plugins compatible for Editor in 0.97 ms, found 3 plugins.
Preloading 0 native plugins for Editor in 0.00 ms.
Unloading 2082 Unused Serialized files (Serialized files now loaded: 0)
System memory in use before: 93.2 MB.
System memory in use after: 93.3 MB.

Unloading 16 unused Assets to reduce memory usage. Loaded Objects now: 2532.
Total: 7.198600 ms (FindLiveObjects: 0.408700 ms CreateObjectMapping: 0.188100 ms MarkObjects: 6.546600 ms  DeleteObjects: 0.051400 ms)

AssetImportParameters requested are different than current active one (requested -> active):
  custom:framework-win-MediaFoundation: 216162199b28c13a410421893ffa2e32 -> 
  custom:video-decoder-ogg-theora: a1e56fd34408186e4bbccfd4996cb3dc -> 
  custom:container-muxer-webm: aa71ff27fc2769a1b78a27578f13a17b -> 
  custom:container-demuxer-webm: 4f35f7cbe854078d1ac9338744f61a02 -> 
  custom:container-demuxer-ogg: 62fdf1f143b41e24485cea50d1cbac27 -> 
  custom:video-encoder-webm-vp8: eb34c28f22e8b96e1ab97ce403110664 -> 
  custom:video-codec-MediaFoundation-h265: 746d11721c4dcdbdad8f713fa42b33f4 -> 
  custom:video-decoder-webm-vp8: 9c59270c3fd7afecdb556c50c9e8de78 -> 
  custom:audio-decoder-ogg-vorbis: bf7c407c2cedff20999df2af8eb42d56 -> 
  custom:audio-encoder-webm-vorbis: bf7c407c2cedff20999df2af8eb42d56 -> 
========================================================================
Received Prepare
Registering precompiled user dll's ...
Registered in 0.016861 seconds.
Begin MonoManager ReloadAssembly
Native extension for WindowsStandalone target not found
Native extension for WebGL target not found
Refreshing native plugins compatible for Editor in 1.75 ms, found 3 plugins.
Preloading 0 native plugins for Editor in 0.00 ms.
Mono: successfully reloaded assembly
- Completed reload, in  3.867 seconds
Domain Reload Profiling:
	ReloadAssembly (3868ms)
		BeginReloadAssembly (351ms)
			ExecutionOrderSort (0ms)
			DisableScriptedObjects (28ms)
			BackupInstance (0ms)
			ReleaseScriptingObjects (0ms)
			CreateAndSetChildDomain (106ms)
		EndReloadAssembly (3278ms)
			LoadAssemblies (306ms)
			RebuildTransferFunctionScriptingTraits (0ms)
			SetupTypeCache (988ms)
			ReleaseScriptCaches (3ms)
			RebuildScriptCaches (128ms)
			SetupLoadedEditorAssemblies (1491ms)
				LogAssemblyErrors (0ms)
				InitializePlatformSupportModulesInManaged (21ms)
				SetLoadedEditorAssemblies (2ms)
				RefreshPlugins (2ms)
				BeforeProcessingInitializeOnLoad (393ms)
				ProcessInitializeOnLoadAttributes (1030ms)
				ProcessInitializeOnLoadMethodAttributes (17ms)
				AfterProcessingInitializeOnLoad (26ms)
				EditorAssembliesLoaded (0ms)
			ExecutionOrderSort2 (0ms)
			AwakeInstancesAfterBackupRestoration (35ms)
Platform modules already initialized, skipping
Refreshing native plugins compatible for Editor in 1.18 ms, found 3 plugins.
Preloading 0 native plugins for Editor in 0.00 ms.
Unloading 2082 Unused Serialized files (Serialized files now loaded: 0)
System memory in use before: 93.2 MB.
System memory in use after: 93.4 MB.

Unloading 16 unused Assets to reduce memory usage. Loaded Objects now: 2535.
Total: 8.785400 ms (FindLiveObjects: 0.432300 ms CreateObjectMapping: 0.133000 ms MarkObjects: 8.170600 ms  DeleteObjects: 0.046300 ms)

AssetImportParameters requested are different than current active one (requested -> active):
  custom:framework-win-MediaFoundation: 216162199b28c13a410421893ffa2e32 -> 
  custom:video-decoder-ogg-theora: a1e56fd34408186e4bbccfd4996cb3dc -> 
  custom:container-muxer-webm: aa71ff27fc2769a1b78a27578f13a17b -> 
  custom:container-demuxer-webm: 4f35f7cbe854078d1ac9338744f61a02 -> 
  custom:container-demuxer-ogg: 62fdf1f143b41e24485cea50d1cbac27 -> 
  custom:video-encoder-webm-vp8: eb34c28f22e8b96e1ab97ce403110664 -> 
  custom:video-codec-MediaFoundation-h265: 746d11721c4dcdbdad8f713fa42b33f4 -> 
  custom:video-decoder-webm-vp8: 9c59270c3fd7afecdb556c50c9e8de78 -> 
  custom:audio-decoder-ogg-vorbis: bf7c407c2cedff20999df2af8eb42d56 -> 
  custom:audio-encoder-webm-vorbis: bf7c407c2cedff20999df2af8eb42d56 -> 
========================================================================
Received Import Request.
  Time since last request: 110.449394 seconds.
  path: Assets/Scripts/PlayerScript.cs
  artifactKey: Guid(e7a49d4850a475949b8f4deee6c6550d) Importer(815301076,1909f56bfc062723c751e8b465ee728b)
Start importing Assets/Scripts/PlayerScript.cs using Guid(e7a49d4850a475949b8f4deee6c6550d) Importer(815301076,1909f56bfc062723c751e8b465ee728b)  -> (artifact id: '107a51cfe69b8db54ecff329179c62ea') in 0.018261 seconds 
  Import took 0.027368 seconds .

========================================================================
Received Import Request.
  Time since last request: 18.273933 seconds.
  path: Assets/Scripts/Player.png
  artifactKey: Guid(97f41e4ba12c5374baadc7f96a106f1c) Importer(815301076,1909f56bfc062723c751e8b465ee728b)
Start importing Assets/Scripts/Player.png using Guid(97f41e4ba12c5374baadc7f96a106f1c) Importer(815301076,1909f56bfc062723c751e8b465ee728b)  -> (artifact id: 'aad57bfe6f2cfb16fec93a477b510af5') in 0.379127 seconds 
  Import took 0.389077 seconds .

========================================================================
Received Import Request.
  Time since last request: 2.379035 seconds.
  path: Assets
  artifactKey: Guid(00000000000000001000000000000000) Importer(815301076,1909f56bfc062723c751e8b465ee728b)
Start importing Assets using Guid(00000000000000001000000000000000) Importer(815301076,1909f56bfc062723c751e8b465ee728b)  -> (artifact id: '42d402b061de3733987d63b9cc3b64de') in 0.037600 seconds 
  Import took 0.054079 seconds .

========================================================================
Received Import Request.
  Time since last request: 5.464949 seconds.
  path: Assets/Sprites
  artifactKey: Guid(cc2f914015090704bad36d4a53459a14) Importer(815301076,1909f56bfc062723c751e8b465ee728b)
Start importing Assets/Sprites using Guid(cc2f914015090704bad36d4a53459a14) Importer(815301076,1909f56bfc062723c751e8b465ee728b)  -> (artifact id: 'a85e59f01e6f67380100850b42398c61') in 0.035411 seconds 
  Import took 0.046403 seconds .

========================================================================
Received Import Request.
  Time since last request: 12.005100 seconds.
  path: Assets/Sprites/TileMaps
  artifactKey: Guid(01bed80bcebf0b0459546ba32cea86a2) Importer(815301076,1909f56bfc062723c751e8b465ee728b)
Start importing Assets/Sprites/TileMaps using Guid(01bed80bcebf0b0459546ba32cea86a2) Importer(815301076,1909f56bfc062723c751e8b465ee728b)  -> (artifact id: '6a59211b026b51332be831159e2fc8d3') in 0.038717 seconds 
  Import took 0.048925 seconds .

========================================================================
Received Import Request.
  Time since last request: 0.005671 seconds.
  path: Assets/Sprites/TileMaps
  artifactKey: Guid(01bed80bcebf0b0459546ba32cea86a2) Importer(815301076,1909f56bfc062723c751e8b465ee728b)
Start importing Assets/Sprites/TileMaps using Guid(01bed80bcebf0b0459546ba32cea86a2) Importer(815301076,1909f56bfc062723c751e8b465ee728b)  -> (artifact id: '6a59211b026b51332be831159e2fc8d3') in 0.013911 seconds 
  Import took 0.026154 seconds .

========================================================================
Received Import Request.
  Time since last request: 11.044324 seconds.
  path: Assets/Sprites/CharacterSprites
  artifactKey: Guid(015d0f7bcb983c84699096b414329cb8) Importer(815301076,1909f56bfc062723c751e8b465ee728b)
Start importing Assets/Sprites/CharacterSprites using Guid(015d0f7bcb983c84699096b414329cb8) Importer(815301076,1909f56bfc062723c751e8b465ee728b)  -> (artifact id: '862c0ad0f6beff60e98b1b53976889a0') in 0.027318 seconds 
  Import took 0.037354 seconds .

========================================================================
Received Import Request.
  Time since last request: 199.769714 seconds.
  path: Assets/Rectangular Palette.prefab
  artifactKey: Guid(7fae8798620369948b89e6f5aadaad54) Importer(815301076,1909f56bfc062723c751e8b465ee728b)
Start importing Assets/Rectangular Palette.prefab using Guid(7fae8798620369948b89e6f5aadaad54) Importer(815301076,1909f56bfc062723c751e8b465ee728b)  -> (artifact id: '73b81238d2e443cbe650f878dc7d689e') in 0.138888 seconds 
  Import took 0.149073 seconds .

========================================================================
Received Import Request.
  Time since last request: 104.792845 seconds.
  path: Assets/Sprites/TileMaps/BlocksSpriteSheet.png
  artifactKey: Guid(088cd0b369deafb43b2028a223bde01d) Importer(815301076,1909f56bfc062723c751e8b465ee728b)
Start importing Assets/Sprites/TileMaps/BlocksSpriteSheet.png using Guid(088cd0b369deafb43b2028a223bde01d) Importer(815301076,1909f56bfc062723c751e8b465ee728b)  -> (artifact id: 'ef13dd03af31344e80f24009cc48dba6') in 0.085517 seconds 
  Import took 0.097001 seconds .

========================================================================
Received Import Request.
  Time since last request: 9.464720 seconds.
  path: Assets/Sprites/TileMaps/BlocksSpriteSheet.asset
  artifactKey: Guid(6b70b5c078cd577439c263ec5b1d664c) Importer(815301076,1909f56bfc062723c751e8b465ee728b)
Start importing Assets/Sprites/TileMaps/BlocksSpriteSheet.asset using Guid(6b70b5c078cd577439c263ec5b1d664c) Importer(815301076,1909f56bfc062723c751e8b465ee728b)  -> (artifact id: '71365d3dae581df6ee590fb87206a267') in 0.066733 seconds 
  Import took 0.075119 seconds .

========================================================================
Received Import Request.
  Time since last request: 0.000503 seconds.
  path: Assets/Sprites/TileMaps/Rectangular Palette.prefab
  artifactKey: Guid(7fae8798620369948b89e6f5aadaad54) Importer(815301076,1909f56bfc062723c751e8b465ee728b)
Start importing Assets/Sprites/TileMaps/Rectangular Palette.prefab using Guid(7fae8798620369948b89e6f5aadaad54) Importer(815301076,1909f56bfc062723c751e8b465ee728b)  -> (artifact id: 'b6bd43fba8906b7ba598a4eba7df88b7') in 0.032634 seconds 
  Import took 0.041690 seconds .

========================================================================
Received Import Request.
  Time since last request: 450.248974 seconds.
  path: Assets/Sprites/TileMaps/BlocksSpriteSheet.png
  artifactKey: Guid(088cd0b369deafb43b2028a223bde01d) Importer(815301076,1909f56bfc062723c751e8b465ee728b)
Start importing Assets/Sprites/TileMaps/BlocksSpriteSheet.png using Guid(088cd0b369deafb43b2028a223bde01d) Importer(815301076,1909f56bfc062723c751e8b465ee728b)  -> (artifact id: '516915c1a52dbfd9109e1df890bd216a') in 0.042303 seconds 
  Import took 0.053032 seconds .

========================================================================
Received Import Request.
  Time since last request: 175.576266 seconds.
  path: Assets/Sprites/TileMaps/BlocksSpriteSheet.png
  artifactKey: Guid(088cd0b369deafb43b2028a223bde01d) Importer(815301076,1909f56bfc062723c751e8b465ee728b)
Start importing Assets/Sprites/TileMaps/BlocksSpriteSheet.png using Guid(088cd0b369deafb43b2028a223bde01d) Importer(815301076,1909f56bfc062723c751e8b465ee728b)  -> (artifact id: 'c90deba30e478f7c6bf8a17aea186897') in 0.040856 seconds 
  Import took 0.050302 seconds .

AssetImportWorkerClient::OnTransportError - code=2 error=End of file
